<?xml version="1.0" encoding="UTF-8"?>
<robot generator="Robot 6.1.1 (Python 3.12.0 on win32)" generated="20240208 18:37:19.879" rpa="false" schemaversion="4">
<suite id="s1" name="Teste2" source="C:\Users\Usuário\Downloads\robot-selenium-master\teste2.robot">
<test id="s1-t1" name="Cenário 1: Acessando o site do Robot" line="41">
<kw name="Abrir Site">
<kw name="Open Browser" library="SeleniumLibrary">
<arg>${SITE_URL}</arg>
<arg>headlesschrome</arg>
<doc>Opens a new browser instance to the optional ``url``.</doc>
<msg timestamp="20240208 18:37:20.035" level="INFO">Opening browser 'headlesschrome' to base url 'https://automationpratice.com.br/'.</msg>
<errors>
<msg timestamp="20240208 18:37:23.185" level="ERROR">Execution stopped by user.</msg>
</errors>
</robot>
