<?xml version="1.0" encoding="UTF-8"?>
<robot generator="Robot 6.1.1 (Python 3.12.0 on win32)" generated="20231215 23:05:40.882" rpa="false" schemaversion="4">
<suite id="s1" name="Teste" source="C:\Users\Usuário\Documents\projetos\robot-oficial\teste.robot">
<test id="s1-t1" name="Cenário 1: Acessando o site do Robot" line="47">
<kw name="Configurar Opções do Chrome">
<var>${chrome_options}</var>
<kw name="Evaluate" library="BuiltIn">
<var>${chrome_options}</var>
<arg>sys.modules['selenium.webdriver'].ChromeOptions()</arg>
<arg>sys, selenium.webdriver</arg>
<doc>Evaluates the given expression in Python and returns the result.</doc>
<msg timestamp="20231215 23:05:41.008" level="INFO">${chrome_options} = &lt;selenium.webdriver.chrome.options.Options object at 0x0000019ECB761430&gt;</msg>
<status status="PASS" starttime="20231215 23:05:41.008" endtime="20231215 23:05:41.008"/>
</kw>
<kw name="Call Method" library="BuiltIn">
<arg>${chrome_options}</arg>
<arg>add_argument</arg>
<arg>test-type</arg>
<doc>Calls the named method of the given object with the provided arguments.</doc>
<status status="PASS" starttime="20231215 23:05:41.008" endtime="20231215 23:05:41.008"/>
</kw>
<kw name="Call Method" library="BuiltIn">
<arg>${chrome_options}</arg>
<arg>add_argument</arg>
<arg>--disable-extensions</arg>
<doc>Calls the named method of the given object with the provided arguments.</doc>
<status status="PASS" starttime="20231215 23:05:41.008" endtime="20231215 23:05:41.008"/>
</kw>
<kw name="Call Method" library="BuiltIn">
<arg>${chrome_options}</arg>
<arg>add_argument</arg>
<arg>--headless</arg>
<doc>Calls the named method of the given object with the provided arguments.</doc>
<status status="PASS" starttime="20231215 23:05:41.008" endtime="20231215 23:05:41.008"/>
</kw>
<kw name="Call Method" library="BuiltIn">
<arg>${chrome_options}</arg>
<arg>add_argument</arg>
<arg>--disable-gpu</arg>
<doc>Calls the named method of the given object with the provided arguments.</doc>
<status status="PASS" starttime="20231215 23:05:41.008" endtime="20231215 23:05:41.008"/>
</kw>
<kw name="Call Method" library="BuiltIn">
<arg>${chrome_options}</arg>
<arg>add_argument</arg>
<arg>--no-sandbox</arg>
<doc>Calls the named method of the given object with the provided arguments.</doc>
<status status="PASS" starttime="20231215 23:05:41.008" endtime="20231215 23:05:41.008"/>
</kw>
<msg timestamp="20231215 23:05:41.008" level="INFO">${chrome_options} = &lt;selenium.webdriver.chrome.options.Options object at 0x0000019ECB761430&gt;</msg>
<status status="PASS" starttime="20231215 23:05:41.008" endtime="20231215 23:05:41.008"/>
</kw>
<kw name="Abrir Navegador Chrome">
<arg>${chrome_options}</arg>
<kw name="Create Webdriver" library="SeleniumLibrary">
<arg>Chrome</arg>
<arg>chrome_options=${chrome_options}</arg>
<doc>Creates an instance of Selenium WebDriver.</doc>
<msg timestamp="20231215 23:05:41.008" level="INFO">Creating an instance of the Chrome WebDriver.</msg>
<status status="PASS" starttime="20231215 23:05:41.008" endtime="20231215 23:05:42.070"/>
</kw>
<status status="PASS" starttime="20231215 23:05:41.008" endtime="20231215 23:05:42.070"/>
</kw>
<kw name="Go To" library="SeleniumLibrary">
<arg>${SITE_URL}</arg>
<doc>Navigates the current browser window to the provided ``url``.</doc>
<msg timestamp="20231215 23:05:42.070" level="INFO">Opening url 'https://automationpratice.com.br/'</msg>
<status status="PASS" starttime="20231215 23:05:42.070" endtime="20231215 23:05:42.435"/>
</kw>
<kw name="Esperar Página Carregar">
<kw name="Sleep" library="BuiltIn">
<arg>3s</arg>
<doc>Pauses the test executed for the given time.</doc>
<msg timestamp="20231215 23:05:45.437" level="INFO">Slept 3 seconds</msg>
<status status="PASS" starttime="20231215 23:05:42.437" endtime="20231215 23:05:45.437"/>
</kw>
<status status="PASS" starttime="20231215 23:05:42.436" endtime="20231215 23:05:45.438"/>
</kw>
<kw name="Clicar em Link de Login">
<kw name="Click Element" library="SeleniumLibrary">
<arg>xpath://a[@href='/login']</arg>
<doc>Click the element identified by ``locator``.</doc>
<msg timestamp="20231215 23:05:45.441" level="INFO">Clicking element 'xpath://a[@href='/login']'.</msg>
<status status="PASS" starttime="20231215 23:05:45.439" endtime="20231215 23:05:45.486"/>
</kw>
<status status="PASS" starttime="20231215 23:05:45.439" endtime="20231215 23:05:45.486"/>
</kw>
<kw name="Esperar Página Carregar">
<kw name="Sleep" library="BuiltIn">
<arg>3s</arg>
<doc>Pauses the test executed for the given time.</doc>
<msg timestamp="20231215 23:05:48.486" level="INFO">Slept 3 seconds</msg>
<status status="PASS" starttime="20231215 23:05:45.486" endtime="20231215 23:05:48.486"/>
</kw>
<status status="PASS" starttime="20231215 23:05:45.486" endtime="20231215 23:05:48.486"/>
</kw>
<kw name="Preencher Campo de E-mail">
<kw name="Input Text" library="SeleniumLibrary">
<arg>id:user</arg>
<arg>${USUARIO_EMAIL}</arg>
<doc>Types the given ``text`` into the text field identified by ``locator``.</doc>
<msg timestamp="20231215 23:05:48.486" level="INFO">Typing text 'qazando@gmail.com' into text field 'id:user'.</msg>
<status status="PASS" starttime="20231215 23:05:48.486" endtime="20231215 23:05:48.574"/>
</kw>
<status status="PASS" starttime="20231215 23:05:48.486" endtime="20231215 23:05:48.574"/>
</kw>
<kw name="Preencher Campo de Senha">
<kw name="Input Text" library="SeleniumLibrary">
<arg>id:password</arg>
<arg>${USUARIO_SENHA}</arg>
<doc>Types the given ``text`` into the text field identified by ``locator``.</doc>
<msg timestamp="20231215 23:05:48.575" level="INFO">Typing text '123456' into text field 'id:password'.</msg>
<status status="PASS" starttime="20231215 23:05:48.574" endtime="20231215 23:05:48.619"/>
</kw>
<status status="PASS" starttime="20231215 23:05:48.574" endtime="20231215 23:05:48.619"/>
</kw>
<kw name="Clicar em Botão de Login">
<kw name="Click Element" library="SeleniumLibrary">
<arg>id:btnLogin</arg>
<doc>Click the element identified by ``locator``.</doc>
<msg timestamp="20231215 23:05:48.619" level="INFO">Clicking element 'id:btnLogin'.</msg>
<status status="PASS" starttime="20231215 23:05:48.619" endtime="20231215 23:05:48.655"/>
</kw>
<status status="PASS" starttime="20231215 23:05:48.619" endtime="20231215 23:05:48.655"/>
</kw>
<kw name="Esperar Página Carregar">
<kw name="Sleep" library="BuiltIn">
<arg>3s</arg>
<doc>Pauses the test executed for the given time.</doc>
<msg timestamp="20231215 23:05:51.656" level="INFO">Slept 3 seconds</msg>
<status status="PASS" starttime="20231215 23:05:48.656" endtime="20231215 23:05:51.656"/>
</kw>
<status status="PASS" starttime="20231215 23:05:48.655" endtime="20231215 23:05:51.656"/>
</kw>
<kw name="Verificar texto login realizado">
<kw name="Get Text" library="SeleniumLibrary">
<var>${texto_atual}</var>
<arg>id:swal2-title</arg>
<doc>Returns the text value of the element identified by ``locator``.</doc>
<msg timestamp="20231215 23:05:51.680" level="INFO">${texto_atual} = Login realizado</msg>
<status status="PASS" starttime="20231215 23:05:51.657" endtime="20231215 23:05:51.680"/>
</kw>
<kw name="Should Be Equal As Strings" library="BuiltIn">
<arg>${texto_atual}</arg>
<arg>Login realizado</arg>
<doc>Fails if objects are unequal after converting them to strings.</doc>
<status status="PASS" starttime="20231215 23:05:51.680" endtime="20231215 23:05:51.680"/>
</kw>
<status status="PASS" starttime="20231215 23:05:51.656" endtime="20231215 23:05:51.680"/>
</kw>
<kw name="Close All Browsers" library="SeleniumLibrary">
<doc>Closes all open browsers and resets the browser cache.</doc>
<status status="PASS" starttime="20231215 23:05:51.681" endtime="20231215 23:05:57.779"/>
</kw>
<tag>Teste1</tag>
<status status="PASS" starttime="20231215 23:05:41.008" endtime="20231215 23:05:57.780"/>
</test>
<test id="s1-t2" name="Cenário 2: Testando Robot" line="62">
<kw name="Configurar Opções do Chrome">
<var>${chrome_options}</var>
<kw name="Evaluate" library="BuiltIn">
<var>${chrome_options}</var>
<arg>sys.modules['selenium.webdriver'].ChromeOptions()</arg>
<arg>sys, selenium.webdriver</arg>
<doc>Evaluates the given expression in Python and returns the result.</doc>
<msg timestamp="20231215 23:05:57.785" level="INFO">${chrome_options} = &lt;selenium.webdriver.chrome.options.Options object at 0x0000019ECB7611F0&gt;</msg>
<status status="PASS" starttime="20231215 23:05:57.785" endtime="20231215 23:05:57.786"/>
</kw>
<kw name="Call Method" library="BuiltIn">
<arg>${chrome_options}</arg>
<arg>add_argument</arg>
<arg>test-type</arg>
<doc>Calls the named method of the given object with the provided arguments.</doc>
<status status="PASS" starttime="20231215 23:05:57.786" endtime="20231215 23:05:57.786"/>
</kw>
<kw name="Call Method" library="BuiltIn">
<arg>${chrome_options}</arg>
<arg>add_argument</arg>
<arg>--disable-extensions</arg>
<doc>Calls the named method of the given object with the provided arguments.</doc>
<status status="PASS" starttime="20231215 23:05:57.786" endtime="20231215 23:05:57.786"/>
</kw>
<kw name="Call Method" library="BuiltIn">
<arg>${chrome_options}</arg>
<arg>add_argument</arg>
<arg>--headless</arg>
<doc>Calls the named method of the given object with the provided arguments.</doc>
<status status="PASS" starttime="20231215 23:05:57.786" endtime="20231215 23:05:57.787"/>
</kw>
<kw name="Call Method" library="BuiltIn">
<arg>${chrome_options}</arg>
<arg>add_argument</arg>
<arg>--disable-gpu</arg>
<doc>Calls the named method of the given object with the provided arguments.</doc>
<status status="PASS" starttime="20231215 23:05:57.787" endtime="20231215 23:05:57.787"/>
</kw>
<kw name="Call Method" library="BuiltIn">
<arg>${chrome_options}</arg>
<arg>add_argument</arg>
<arg>--no-sandbox</arg>
<doc>Calls the named method of the given object with the provided arguments.</doc>
<status status="PASS" starttime="20231215 23:05:57.787" endtime="20231215 23:05:57.787"/>
</kw>
<msg timestamp="20231215 23:05:57.787" level="INFO">${chrome_options} = &lt;selenium.webdriver.chrome.options.Options object at 0x0000019ECB7611F0&gt;</msg>
<status status="PASS" starttime="20231215 23:05:57.785" endtime="20231215 23:05:57.788"/>
</kw>
<kw name="Abrir Navegador Chrome">
<arg>${chrome_options}</arg>
<kw name="Create Webdriver" library="SeleniumLibrary">
<arg>Chrome</arg>
<arg>chrome_options=${chrome_options}</arg>
<doc>Creates an instance of Selenium WebDriver.</doc>
<msg timestamp="20231215 23:05:57.788" level="INFO">Creating an instance of the Chrome WebDriver.</msg>
<status status="PASS" starttime="20231215 23:05:57.788" endtime="20231215 23:05:58.765"/>
</kw>
<status status="PASS" starttime="20231215 23:05:57.788" endtime="20231215 23:05:58.765"/>
</kw>
<kw name="Go To" library="SeleniumLibrary">
<arg>${SITE_URL}</arg>
<doc>Navigates the current browser window to the provided ``url``.</doc>
<msg timestamp="20231215 23:05:58.765" level="INFO">Opening url 'https://automationpratice.com.br/'</msg>
<status status="PASS" starttime="20231215 23:05:58.765" endtime="20231215 23:05:59.045"/>
</kw>
<kw name="Esperar Página Carregar">
<kw name="Sleep" library="BuiltIn">
<arg>3s</arg>
<doc>Pauses the test executed for the given time.</doc>
<status status="FAIL" starttime="20231215 23:05:59.046" endtime="20231215 23:06:00.126"/>
</kw>
<status status="FAIL" starttime="20231215 23:05:59.046" endtime="20231215 23:06:00.126"/>
</kw>
<kw name="Clicar em Link de Login">
<status status="NOT RUN" starttime="20231215 23:06:00.127" endtime="20231215 23:06:00.127"/>
</kw>
<kw name="Esperar Página Carregar">
<status status="NOT RUN" starttime="20231215 23:06:00.127" endtime="20231215 23:06:00.127"/>
</kw>
<kw name="Preencher Campo de E-mail">
<status status="NOT RUN" starttime="20231215 23:06:00.127" endtime="20231215 23:06:00.127"/>
</kw>
<kw name="Preencher Campo de Senha">
<status status="NOT RUN" starttime="20231215 23:06:00.127" endtime="20231215 23:06:00.127"/>
</kw>
<kw name="Clicar em Botão de Login">
<status status="NOT RUN" starttime="20231215 23:06:00.127" endtime="20231215 23:06:00.128"/>
</kw>
<kw name="Esperar Página Carregar">
<status status="NOT RUN" starttime="20231215 23:06:00.128" endtime="20231215 23:06:00.128"/>
</kw>
<kw name="Verificar texto login realizado">
<status status="NOT RUN" starttime="20231215 23:06:00.128" endtime="20231215 23:06:00.128"/>
</kw>
<kw name="Close All Browsers" library="SeleniumLibrary">
<doc>Closes all open browsers and resets the browser cache.</doc>
<status status="NOT RUN" starttime="20231215 23:06:00.128" endtime="20231215 23:06:00.128"/>
</kw>
<tag>Teste3</tag>
<status status="FAIL" starttime="20231215 23:05:57.784" endtime="20231215 23:06:00.129">Execution terminated by signal</status>
</test>
<test id="s1-t3" name="Cenário 3: Testando valor no teste" line="77">
<tag>robot:exit</tag>
<tag>Teste3</tag>
<status status="FAIL" starttime="20231215 23:06:00.130" endtime="20231215 23:06:00.130">Test execution stopped due to a fatal error.</status>
</test>
<status status="FAIL" starttime="20231215 23:05:40.882" endtime="20231215 23:06:00.131"/>
</suite>
<statistics>
<total>
<stat pass="1" fail="2" skip="0">All Tests</stat>
</total>
<tag>
<stat pass="1" fail="1" skip="0" info="combined" combined="NOT robot:exit">NOT robot:exit</stat>
<stat pass="1" fail="0" skip="0">Teste1</stat>
<stat pass="0" fail="2" skip="0">Teste3</stat>
</tag>
<suite>
<stat pass="1" fail="2" skip="0" id="s1" name="Teste">Teste</stat>
</suite>
</statistics>
<errors>
</errors>
</robot>
