<?xml version="1.0" encoding="UTF-8"?>
<robot generator="Robot 6.1.1 (Python 3.12.0 on win32)" generated="20240207 19:20:29.135" rpa="false" schemaversion="4">
<suite id="s1" name="Teste2" source="C:\Users\Usuário\Downloads\robot-selenium-master\teste2.robot">
<test id="s1-t1" name="Cenário 1: Acessando o site do Robot" line="41">
<kw name="Abrir Site">
<kw name="Open Browser" library="SeleniumLibrary">
<arg>${SITE_URL}</arg>
<arg>headlesschrome</arg>
<doc>Opens a new browser instance to the optional ``url``.</doc>
<msg timestamp="20240207 19:20:29.268" level="INFO">Opening browser 'headlesschrome' to base url 'https://automationpratice.com.br/'.</msg>
<status status="PASS" starttime="20240207 19:20:29.268" endtime="20240207 19:20:33.306"/>
</kw>
<status status="PASS" starttime="20240207 19:20:29.268" endtime="20240207 19:20:33.306"/>
</kw>
<kw name="Esperar Página Carregar">
<kw name="Sleep" library="BuiltIn">
<arg>3s</arg>
<doc>Pauses the test executed for the given time.</doc>
<msg timestamp="20240207 19:20:36.308" level="INFO">Slept 3 seconds</msg>
<status status="PASS" starttime="20240207 19:20:33.307" endtime="20240207 19:20:36.308"/>
</kw>
<status status="PASS" starttime="20240207 19:20:33.307" endtime="20240207 19:20:36.308"/>
</kw>
<kw name="Clicar em Link de Login">
<kw name="Click Element" library="SeleniumLibrary">
<arg>xpath://a[@href='/login']</arg>
<doc>Click the element identified by ``locator``.</doc>
<msg timestamp="20240207 19:20:36.308" level="INFO">Clicking element 'xpath://a[@href='/login']'.</msg>
<status status="PASS" starttime="20240207 19:20:36.308" endtime="20240207 19:20:36.356"/>
</kw>
<status status="PASS" starttime="20240207 19:20:36.308" endtime="20240207 19:20:36.356"/>
</kw>
<kw name="Esperar Página Carregar">
<kw name="Sleep" library="BuiltIn">
<arg>3s</arg>
<doc>Pauses the test executed for the given time.</doc>
<msg timestamp="20240207 19:20:39.356" level="INFO">Slept 3 seconds</msg>
<status status="PASS" starttime="20240207 19:20:36.356" endtime="20240207 19:20:39.356"/>
</kw>
<status status="PASS" starttime="20240207 19:20:36.356" endtime="20240207 19:20:39.356"/>
</kw>
<kw name="Preencher Campo de E-mail">
<kw name="Input Text" library="SeleniumLibrary">
<arg>id:user</arg>
<arg>${USUARIO_EMAIL}</arg>
<doc>Types the given ``text`` into the text field identified by ``locator``.</doc>
<msg timestamp="20240207 19:20:39.356" level="INFO">Typing text 'qazando@gmail.com' into text field 'id:user'.</msg>
<status status="PASS" starttime="20240207 19:20:39.356" endtime="20240207 19:20:39.427"/>
</kw>
<status status="PASS" starttime="20240207 19:20:39.356" endtime="20240207 19:20:39.427"/>
</kw>
<kw name="Preencher Campo de Senha">
<kw name="Input Text" library="SeleniumLibrary">
<arg>id:password</arg>
<arg>${USUARIO_SENHA}</arg>
<doc>Types the given ``text`` into the text field identified by ``locator``.</doc>
<msg timestamp="20240207 19:20:39.428" level="INFO">Typing text '123456' into text field 'id:password'.</msg>
<status status="PASS" starttime="20240207 19:20:39.428" endtime="20240207 19:20:39.475"/>
</kw>
<status status="PASS" starttime="20240207 19:20:39.428" endtime="20240207 19:20:39.475"/>
</kw>
<kw name="Clicar em Botão de Login">
<kw name="Click Element" library="SeleniumLibrary">
<arg>id:btnLogin</arg>
<doc>Click the element identified by ``locator``.</doc>
<msg timestamp="20240207 19:20:39.476" level="INFO">Clicking element 'id:btnLogin'.</msg>
<status status="PASS" starttime="20240207 19:20:39.475" endtime="20240207 19:20:39.510"/>
</kw>
<status status="PASS" starttime="20240207 19:20:39.475" endtime="20240207 19:20:39.510"/>
</kw>
<kw name="Esperar Página Carregar">
<kw name="Sleep" library="BuiltIn">
<arg>3s</arg>
<doc>Pauses the test executed for the given time.</doc>
<msg timestamp="20240207 19:20:42.512" level="INFO">Slept 3 seconds</msg>
<status status="PASS" starttime="20240207 19:20:39.510" endtime="20240207 19:20:42.512"/>
</kw>
<status status="PASS" starttime="20240207 19:20:39.510" endtime="20240207 19:20:42.512"/>
</kw>
<kw name="Verificar texto login realizado">
<kw name="Get Text" library="SeleniumLibrary">
<var>${texto_atual}</var>
<arg>id:swal2-title</arg>
<doc>Returns the text value of the element identified by ``locator``.</doc>
<msg timestamp="20240207 19:20:42.543" level="INFO">${texto_atual} = Login realizado</msg>
<status status="PASS" starttime="20240207 19:20:42.514" endtime="20240207 19:20:42.543"/>
</kw>
<kw name="Should Be Equal As Strings" library="BuiltIn">
<arg>${texto_atual}</arg>
<arg>Login realizado</arg>
<doc>Fails if objects are unequal after converting them to strings.</doc>
<status status="PASS" starttime="20240207 19:20:42.543" endtime="20240207 19:20:42.543"/>
</kw>
<status status="PASS" starttime="20240207 19:20:42.514" endtime="20240207 19:20:42.543"/>
</kw>
<tag>Teste1</tag>
<status status="PASS" starttime="20240207 19:20:29.268" endtime="20240207 19:20:42.544"/>
</test>
<test id="s1-t2" name="Cenário 2: Testando Robot" line="53">
<kw name="Abrir Site">
<kw name="Open Browser" library="SeleniumLibrary">
<arg>${SITE_URL}</arg>
<arg>headlesschrome</arg>
<doc>Opens a new browser instance to the optional ``url``.</doc>
<msg timestamp="20240207 19:20:42.545" level="INFO">Opening browser 'headlesschrome' to base url 'https://automationpratice.com.br/'.</msg>
<status status="PASS" starttime="20240207 19:20:42.545" endtime="20240207 19:20:43.815"/>
</kw>
<status status="PASS" starttime="20240207 19:20:42.545" endtime="20240207 19:20:43.815"/>
</kw>
<kw name="Esperar Página Carregar">
<kw name="Sleep" library="BuiltIn">
<arg>3s</arg>
<doc>Pauses the test executed for the given time.</doc>
<msg timestamp="20240207 19:20:46.816" level="INFO">Slept 3 seconds</msg>
<status status="PASS" starttime="20240207 19:20:43.816" endtime="20240207 19:20:46.816"/>
</kw>
<status status="PASS" starttime="20240207 19:20:43.816" endtime="20240207 19:20:46.816"/>
</kw>
<kw name="Clicar em Link de Login">
<kw name="Click Element" library="SeleniumLibrary">
<arg>xpath://a[@href='/login']</arg>
<doc>Click the element identified by ``locator``.</doc>
<msg timestamp="20240207 19:20:46.819" level="INFO">Clicking element 'xpath://a[@href='/login']'.</msg>
<status status="PASS" starttime="20240207 19:20:46.818" endtime="20240207 19:20:46.866"/>
</kw>
<status status="PASS" starttime="20240207 19:20:46.818" endtime="20240207 19:20:46.866"/>
</kw>
<kw name="Esperar Página Carregar">
<kw name="Sleep" library="BuiltIn">
<arg>3s</arg>
<doc>Pauses the test executed for the given time.</doc>
<msg timestamp="20240207 19:20:49.866" level="INFO">Slept 3 seconds</msg>
<status status="PASS" starttime="20240207 19:20:46.866" endtime="20240207 19:20:49.866"/>
</kw>
<status status="PASS" starttime="20240207 19:20:46.866" endtime="20240207 19:20:49.866"/>
</kw>
<kw name="Preencher Campo de E-mail">
<kw name="Input Text" library="SeleniumLibrary">
<arg>id:user</arg>
<arg>${USUARIO_EMAIL}</arg>
<doc>Types the given ``text`` into the text field identified by ``locator``.</doc>
<msg timestamp="20240207 19:20:49.868" level="INFO">Typing text 'qazando@gmail.com' into text field 'id:user'.</msg>
<status status="PASS" starttime="20240207 19:20:49.867" endtime="20240207 19:20:49.942"/>
</kw>
<status status="PASS" starttime="20240207 19:20:49.867" endtime="20240207 19:20:49.942"/>
</kw>
<kw name="Preencher Campo de Senha">
<kw name="Input Text" library="SeleniumLibrary">
<arg>id:password</arg>
<arg>${USUARIO_SENHA}</arg>
<doc>Types the given ``text`` into the text field identified by ``locator``.</doc>
<msg timestamp="20240207 19:20:49.943" level="INFO">Typing text '123456' into text field 'id:password'.</msg>
<status status="PASS" starttime="20240207 19:20:49.943" endtime="20240207 19:20:49.993"/>
</kw>
<status status="PASS" starttime="20240207 19:20:49.942" endtime="20240207 19:20:49.993"/>
</kw>
<kw name="Clicar em Botão de Login">
<kw name="Click Element" library="SeleniumLibrary">
<arg>id:btnLogin</arg>
<doc>Click the element identified by ``locator``.</doc>
<msg timestamp="20240207 19:20:49.994" level="INFO">Clicking element 'id:btnLogin'.</msg>
<status status="PASS" starttime="20240207 19:20:49.994" endtime="20240207 19:20:50.033"/>
</kw>
<status status="PASS" starttime="20240207 19:20:49.993" endtime="20240207 19:20:50.033"/>
</kw>
<kw name="Esperar Página Carregar">
<kw name="Sleep" library="BuiltIn">
<arg>3s</arg>
<doc>Pauses the test executed for the given time.</doc>
<msg timestamp="20240207 19:20:53.033" level="INFO">Slept 3 seconds</msg>
<status status="PASS" starttime="20240207 19:20:50.033" endtime="20240207 19:20:53.033"/>
</kw>
<status status="PASS" starttime="20240207 19:20:50.033" endtime="20240207 19:20:53.033"/>
</kw>
<kw name="Verificar texto login realizado">
<kw name="Get Text" library="SeleniumLibrary">
<var>${texto_atual}</var>
<arg>id:swal2-title</arg>
<doc>Returns the text value of the element identified by ``locator``.</doc>
<msg timestamp="20240207 19:20:53.062" level="INFO">${texto_atual} = Login realizado</msg>
<status status="PASS" starttime="20240207 19:20:53.034" endtime="20240207 19:20:53.062"/>
</kw>
<kw name="Should Be Equal As Strings" library="BuiltIn">
<arg>${texto_atual}</arg>
<arg>Login realizado</arg>
<doc>Fails if objects are unequal after converting them to strings.</doc>
<status status="PASS" starttime="20240207 19:20:53.062" endtime="20240207 19:20:53.062"/>
</kw>
<status status="PASS" starttime="20240207 19:20:53.034" endtime="20240207 19:20:53.062"/>
</kw>
<tag>Teste3</tag>
<status status="PASS" starttime="20240207 19:20:42.545" endtime="20240207 19:20:53.063"/>
</test>
<test id="s1-t3" name="Cenário 3: Testando valor no teste" line="65">
<kw name="Abrir esse site">
<arg>https://automationpratice.com.br/</arg>
<kw name="Open Browser" library="SeleniumLibrary">
<arg>${url}</arg>
<arg>headlesschrome</arg>
<doc>Opens a new browser instance to the optional ``url``.</doc>
<msg timestamp="20240207 19:20:53.064" level="INFO">Opening browser 'headlesschrome' to base url 'https://automationpratice.com.br/'.</msg>
<status status="PASS" starttime="20240207 19:20:53.064" endtime="20240207 19:20:54.321"/>
</kw>
<status status="PASS" starttime="20240207 19:20:53.064" endtime="20240207 19:20:54.321"/>
</kw>
<kw name="Esperar Página Carregar">
<kw name="Sleep" library="BuiltIn">
<arg>3s</arg>
<doc>Pauses the test executed for the given time.</doc>
<msg timestamp="20240207 19:20:57.323" level="INFO">Slept 3 seconds</msg>
<status status="PASS" starttime="20240207 19:20:54.322" endtime="20240207 19:20:57.323"/>
</kw>
<status status="PASS" starttime="20240207 19:20:54.322" endtime="20240207 19:20:57.323"/>
</kw>
<kw name="Clicar em Link de Login">
<kw name="Click Element" library="SeleniumLibrary">
<arg>xpath://a[@href='/login']</arg>
<doc>Click the element identified by ``locator``.</doc>
<msg timestamp="20240207 19:20:57.326" level="INFO">Clicking element 'xpath://a[@href='/login']'.</msg>
<status status="PASS" starttime="20240207 19:20:57.325" endtime="20240207 19:20:57.386"/>
</kw>
<status status="PASS" starttime="20240207 19:20:57.324" endtime="20240207 19:20:57.386"/>
</kw>
<kw name="Esperar Página Carregar">
<kw name="Sleep" library="BuiltIn">
<arg>3s</arg>
<doc>Pauses the test executed for the given time.</doc>
<msg timestamp="20240207 19:21:00.386" level="INFO">Slept 3 seconds</msg>
<status status="PASS" starttime="20240207 19:20:57.386" endtime="20240207 19:21:00.386"/>
</kw>
<status status="PASS" starttime="20240207 19:20:57.386" endtime="20240207 19:21:00.386"/>
</kw>
<kw name="Preencher Campo de E-mail">
<kw name="Input Text" library="SeleniumLibrary">
<arg>id:user</arg>
<arg>${USUARIO_EMAIL}</arg>
<doc>Types the given ``text`` into the text field identified by ``locator``.</doc>
<msg timestamp="20240207 19:21:00.386" level="INFO">Typing text 'qazando@gmail.com' into text field 'id:user'.</msg>
<status status="PASS" starttime="20240207 19:21:00.386" endtime="20240207 19:21:00.461"/>
</kw>
<status status="PASS" starttime="20240207 19:21:00.386" endtime="20240207 19:21:00.461"/>
</kw>
<kw name="Preencher Campo de Senha">
<kw name="Input Text" library="SeleniumLibrary">
<arg>id:password</arg>
<arg>${USUARIO_SENHA}</arg>
<doc>Types the given ``text`` into the text field identified by ``locator``.</doc>
<msg timestamp="20240207 19:21:00.462" level="INFO">Typing text '123456' into text field 'id:password'.</msg>
<status status="PASS" starttime="20240207 19:21:00.462" endtime="20240207 19:21:00.507"/>
</kw>
<status status="PASS" starttime="20240207 19:21:00.461" endtime="20240207 19:21:00.507"/>
</kw>
<kw name="Clicar em Botão de Login">
<kw name="Click Element" library="SeleniumLibrary">
<arg>id:btnLogin</arg>
<doc>Click the element identified by ``locator``.</doc>
<msg timestamp="20240207 19:21:00.507" level="INFO">Clicking element 'id:btnLogin'.</msg>
<status status="PASS" starttime="20240207 19:21:00.507" endtime="20240207 19:21:00.543"/>
</kw>
<status status="PASS" starttime="20240207 19:21:00.507" endtime="20240207 19:21:00.543"/>
</kw>
<kw name="Esperar Página Carregar">
<kw name="Sleep" library="BuiltIn">
<arg>3s</arg>
<doc>Pauses the test executed for the given time.</doc>
<msg timestamp="20240207 19:21:03.544" level="INFO">Slept 3 seconds</msg>
<status status="PASS" starttime="20240207 19:21:00.544" endtime="20240207 19:21:03.544"/>
</kw>
<status status="PASS" starttime="20240207 19:21:00.544" endtime="20240207 19:21:03.544"/>
</kw>
<kw name="Verificar texto login realizado">
<kw name="Get Text" library="SeleniumLibrary">
<var>${texto_atual}</var>
<arg>id:swal2-title</arg>
<doc>Returns the text value of the element identified by ``locator``.</doc>
<msg timestamp="20240207 19:21:03.582" level="INFO">${texto_atual} = Login realizado</msg>
<status status="PASS" starttime="20240207 19:21:03.546" endtime="20240207 19:21:03.582"/>
</kw>
<kw name="Should Be Equal As Strings" library="BuiltIn">
<arg>${texto_atual}</arg>
<arg>Login realizado</arg>
<doc>Fails if objects are unequal after converting them to strings.</doc>
<status status="PASS" starttime="20240207 19:21:03.582" endtime="20240207 19:21:03.582"/>
</kw>
<status status="PASS" starttime="20240207 19:21:03.546" endtime="20240207 19:21:03.582"/>
</kw>
<tag>Teste3</tag>
<status status="PASS" starttime="20240207 19:20:53.064" endtime="20240207 19:21:03.583"/>
</test>
<status status="PASS" starttime="20240207 19:20:29.135" endtime="20240207 19:21:03.584"/>
</suite>
<statistics>
<total>
<stat pass="3" fail="0" skip="0">All Tests</stat>
</total>
<tag>
<stat pass="1" fail="0" skip="0">Teste1</stat>
<stat pass="2" fail="0" skip="0">Teste3</stat>
</tag>
<suite>
<stat pass="3" fail="0" skip="0" id="s1" name="Teste2">Teste2</stat>
</suite>
</statistics>
<errors>
</errors>
</robot>
