<?xml version="1.0" encoding="UTF-8"?>
<robot generator="Robot 6.1.1 (Python 3.12.0 on win32)" generated="20240208 18:37:32.914" rpa="false" schemaversion="4">
<suite id="s1" name="Teste2" source="C:\Users\Usuário\Downloads\robot-selenium-master\robot_tests\teste2.robot">
<test id="s1-t1" name="Cenário 1: Acessando o site do Robot" line="41">
<kw name="Abrir Site">
<kw name="Open Browser" library="SeleniumLibrary">
<arg>${SITE_URL}</arg>
<arg>chrome</arg>
<doc>Opens a new browser instance to the optional ``url``.</doc>
<msg timestamp="20240208 18:37:33.054" level="INFO">Opening browser 'chrome' to base url 'https://automationpratice.com.br/'.</msg>
<status status="PASS" starttime="20240208 18:37:33.054" endtime="20240208 18:37:34.773"/>
</kw>
<status status="PASS" starttime="20240208 18:37:33.054" endtime="20240208 18:37:34.773"/>
</kw>
<kw name="Esperar Página Carregar">
<kw name="Sleep" library="BuiltIn">
<arg>10s</arg>
<doc>Pauses the test executed for the given time.</doc>
<msg timestamp="20240208 18:37:44.775" level="INFO">Slept 10 seconds</msg>
<status status="PASS" starttime="20240208 18:37:34.774" endtime="20240208 18:37:44.775"/>
</kw>
<status status="PASS" starttime="20240208 18:37:34.774" endtime="20240208 18:37:44.775"/>
</kw>
<kw name="Clicar em Link de Login">
<kw name="Click Element" library="SeleniumLibrary">
<arg>xpath://a[@href='/login']</arg>
<doc>Click the element identified by ``locator``.</doc>
<msg timestamp="20240208 18:37:44.775" level="INFO">Clicking element 'xpath://a[@href='/login']'.</msg>
<status status="PASS" starttime="20240208 18:37:44.775" endtime="20240208 18:37:44.821"/>
</kw>
<status status="PASS" starttime="20240208 18:37:44.775" endtime="20240208 18:37:44.821"/>
</kw>
<kw name="Esperar Página Carregar">
<kw name="Sleep" library="BuiltIn">
<arg>10s</arg>
<doc>Pauses the test executed for the given time.</doc>
<msg timestamp="20240208 18:37:54.823" level="INFO">Slept 10 seconds</msg>
<status status="PASS" starttime="20240208 18:37:44.822" endtime="20240208 18:37:54.823"/>
</kw>
<status status="PASS" starttime="20240208 18:37:44.822" endtime="20240208 18:37:54.823"/>
</kw>
<kw name="Preencher Campo de E-mail">
<kw name="Input Text" library="SeleniumLibrary">
<arg>id:user</arg>
<arg>${USUARIO_EMAIL}</arg>
<doc>Types the given ``text`` into the text field identified by ``locator``.</doc>
<msg timestamp="20240208 18:37:54.823" level="INFO">Typing text 'qazando@gmail.com' into text field 'id:user'.</msg>
<status status="PASS" starttime="20240208 18:37:54.823" endtime="20240208 18:37:54.900"/>
</kw>
<status status="PASS" starttime="20240208 18:37:54.823" endtime="20240208 18:37:54.900"/>
</kw>
<kw name="Preencher Campo de Senha">
<kw name="Input Text" library="SeleniumLibrary">
<arg>id:password</arg>
<arg>${USUARIO_SENHA}</arg>
<doc>Types the given ``text`` into the text field identified by ``locator``.</doc>
<msg timestamp="20240208 18:37:54.900" level="INFO">Typing text '123456' into text field 'id:password'.</msg>
<status status="PASS" starttime="20240208 18:37:54.900" endtime="20240208 18:37:54.947"/>
</kw>
<status status="PASS" starttime="20240208 18:37:54.900" endtime="20240208 18:37:54.947"/>
</kw>
<kw name="Clicar em Botão de Login">
<kw name="Click Element" library="SeleniumLibrary">
<arg>id:btnLogin</arg>
<doc>Click the element identified by ``locator``.</doc>
<msg timestamp="20240208 18:37:54.947" level="INFO">Clicking element 'id:btnLogin'.</msg>
<status status="PASS" starttime="20240208 18:37:54.947" endtime="20240208 18:37:54.985"/>
</kw>
<status status="PASS" starttime="20240208 18:37:54.947" endtime="20240208 18:37:54.985"/>
</kw>
<kw name="Esperar Página Carregar">
<kw name="Sleep" library="BuiltIn">
<arg>10s</arg>
<doc>Pauses the test executed for the given time.</doc>
<msg timestamp="20240208 18:38:04.986" level="INFO">Slept 10 seconds</msg>
<status status="PASS" starttime="20240208 18:37:54.986" endtime="20240208 18:38:04.986"/>
</kw>
<status status="PASS" starttime="20240208 18:37:54.986" endtime="20240208 18:38:04.986"/>
</kw>
<kw name="Verificar texto login realizado">
<kw name="Get Text" library="SeleniumLibrary">
<var>${texto_atual}</var>
<arg>id:swal2-title</arg>
<doc>Returns the text value of the element identified by ``locator``.</doc>
<msg timestamp="20240208 18:38:05.005" level="INFO">${texto_atual} = Login realizado</msg>
<status status="PASS" starttime="20240208 18:38:04.988" endtime="20240208 18:38:05.005"/>
</kw>
<kw name="Should Be Equal As Strings" library="BuiltIn">
<arg>${texto_atual}</arg>
<arg>Login realizado</arg>
<doc>Fails if objects are unequal after converting them to strings.</doc>
<status status="PASS" starttime="20240208 18:38:05.005" endtime="20240208 18:38:05.005"/>
</kw>
<status status="PASS" starttime="20240208 18:38:04.987" endtime="20240208 18:38:05.005"/>
</kw>
<tag>Teste1</tag>
<status status="PASS" starttime="20240208 18:37:33.054" endtime="20240208 18:38:05.005"/>
</test>
<test id="s1-t2" name="Cenário 2: Testando Robot" line="53">
<kw name="Abrir Site">
<kw name="Open Browser" library="SeleniumLibrary">
<arg>${SITE_URL}</arg>
<arg>chrome</arg>
<doc>Opens a new browser instance to the optional ``url``.</doc>
<msg timestamp="20240208 18:38:05.007" level="INFO">Opening browser 'chrome' to base url 'https://automationpratice.com.br/'.</msg>
<status status="PASS" starttime="20240208 18:38:05.007" endtime="20240208 18:38:06.406"/>
</kw>
<status status="PASS" starttime="20240208 18:38:05.007" endtime="20240208 18:38:06.406"/>
</kw>
<kw name="Esperar Página Carregar">
<kw name="Sleep" library="BuiltIn">
<arg>10s</arg>
<doc>Pauses the test executed for the given time.</doc>
<msg timestamp="20240208 18:38:16.408" level="INFO">Slept 10 seconds</msg>
<status status="PASS" starttime="20240208 18:38:06.407" endtime="20240208 18:38:16.408"/>
</kw>
<status status="PASS" starttime="20240208 18:38:06.407" endtime="20240208 18:38:16.408"/>
</kw>
<kw name="Clicar em Link de Login">
<kw name="Click Element" library="SeleniumLibrary">
<arg>xpath://a[@href='/login']</arg>
<doc>Click the element identified by ``locator``.</doc>
<msg timestamp="20240208 18:38:16.408" level="INFO">Clicking element 'xpath://a[@href='/login']'.</msg>
<status status="PASS" starttime="20240208 18:38:16.408" endtime="20240208 18:38:16.471"/>
</kw>
<status status="PASS" starttime="20240208 18:38:16.408" endtime="20240208 18:38:16.471"/>
</kw>
<kw name="Esperar Página Carregar">
<kw name="Sleep" library="BuiltIn">
<arg>10s</arg>
<doc>Pauses the test executed for the given time.</doc>
<status status="FAIL" starttime="20240208 18:38:16.471" endtime="20240208 18:38:18.944"/>
</kw>
<status status="FAIL" starttime="20240208 18:38:16.471" endtime="20240208 18:38:18.944"/>
</kw>
<kw name="Preencher Campo de E-mail">
<status status="NOT RUN" starttime="20240208 18:38:18.944" endtime="20240208 18:38:18.944"/>
</kw>
<kw name="Preencher Campo de Senha">
<status status="NOT RUN" starttime="20240208 18:38:18.944" endtime="20240208 18:38:18.944"/>
</kw>
<kw name="Clicar em Botão de Login">
<status status="NOT RUN" starttime="20240208 18:38:18.944" endtime="20240208 18:38:18.944"/>
</kw>
<kw name="Esperar Página Carregar">
<status status="NOT RUN" starttime="20240208 18:38:18.944" endtime="20240208 18:38:18.944"/>
</kw>
<kw name="Verificar texto login realizado">
<status status="NOT RUN" starttime="20240208 18:38:18.944" endtime="20240208 18:38:18.944"/>
</kw>
<tag>Teste3</tag>
<status status="FAIL" starttime="20240208 18:38:05.006" endtime="20240208 18:38:18.944">Execution terminated by signal</status>
</test>
<test id="s1-t3" name="Cenário 3: Testando valor no teste" line="65">
<tag>robot:exit</tag>
<tag>Teste3</tag>
<status status="FAIL" starttime="20240208 18:38:18.944" endtime="20240208 18:38:18.944">Test execution stopped due to a fatal error.</status>
</test>
<status status="FAIL" starttime="20240208 18:37:32.914" endtime="20240208 18:38:18.944"/>
</suite>
<statistics>
<total>
<stat pass="1" fail="2" skip="0">All Tests</stat>
</total>
<tag>
<stat pass="1" fail="1" skip="0" info="combined" combined="NOT robot:exit">NOT robot:exit</stat>
<stat pass="1" fail="0" skip="0">Teste1</stat>
<stat pass="0" fail="2" skip="0">Teste3</stat>
</tag>
<suite>
<stat pass="1" fail="2" skip="0" id="s1" name="Teste2">Teste2</stat>
</suite>
</statistics>
<errors>
</errors>
</robot>
